[   188.334] (--) Log file renamed from "/home/ragi/.local/share/xorg/Xorg.pid-2150.log" to "/home/ragi/.local/share/xorg/Xorg.0.log"
[   188.336] 
X.Org X Server 1.20.11
X Protocol Version 11, Revision 0
[   188.336] Build Operating System: linux Ubuntu
[   188.336] Current Operating System: Linux ragi-VirtualBox 5.13.0-28-generic #31~20.04.1-Ubuntu SMP Wed Jan 19 14:08:10 UTC 2022 x86_64
[   188.336] Kernel command line: BOOT_IMAGE=/boot/vmlinuz-5.13.0-28-generic root=UUID=dfabca82-f046-4b2b-b7f0-4058247dcea1 ro quiet splash
[   188.336] Build Date: 06 July 2021  10:17:51AM
[   188.336] xorg-server 2:1.20.11-1ubuntu1~20.04.2 (For technical support please see http://www.ubuntu.com/support) 
[   188.336] Current version of pixman: 0.38.4
[   188.336] 	Before reporting problems, check http://wiki.x.org
	to make sure that you have the latest version.
[   188.336] Markers: (--) probed, (**) from config file, (==) default setting,
	(++) from command line, (!!) notice, (II) informational,
	(WW) warning, (EE) error, (NI) not implemented, (??) unknown.
[   188.336] (==) Log file: "/home/ragi/.local/share/xorg/Xorg.0.log", Time: Sun Feb  6 14:03:01 2022
[   188.372] (==) Using system config directory "/usr/share/X11/xorg.conf.d"
[   188.386] (==) No Layout section.  Using the first Screen section.
[   188.386] (==) No screen section available. Using defaults.
[   188.386] (**) |-->Screen "Default Screen Section" (0)
[   188.386] (**) |   |-->Monitor "<default monitor>"
[   188.411] (==) No monitor specified for screen "Default Screen Section".
	Using a default monitor configuration.
[   188.411] (==) Automatically adding devices
[   188.411] (==) Automatically enabling devices
[   188.411] (==) Automatically adding GPU devices
[   188.411] (==) Automatically binding GPU devices
[   188.411] (==) Max clients allowed: 256, resource mask: 0x1fffff
[   188.411] (WW) The directory "/usr/share/fonts/X11/cyrillic" does not exist.
[   188.411] 	Entry deleted from font path.
[   188.411] (WW) The directory "/usr/share/fonts/X11/100dpi/" does not exist.
[   188.411] 	Entry deleted from font path.
[   188.411] (WW) The directory "/usr/share/fonts/X11/75dpi/" does not exist.
[   188.411] 	Entry deleted from font path.
[   188.411] (WW) The directory "/usr/share/fonts/X11/100dpi" does not exist.
[   188.411] 	Entry deleted from font path.
[   188.411] (WW) The directory "/usr/share/fonts/X11/75dpi" does not exist.
[   188.411] 	Entry deleted from font path.
[   188.411] (==) FontPath set to:
	/usr/share/fonts/X11/misc,
	/usr/share/fonts/X11/Type1,
	built-ins
[   188.411] (==) ModulePath set to "/usr/lib/xorg/modules"
[   188.411] (II) The server relies on udev to provide the list of input devices.
	If no devices become available, reconfigure udev or disable AutoAddDevices.
[   188.411] (II) Loader magic: 0x55c6261ba020
[   188.411] (II) Module ABI versions:
[   188.411] 	X.Org ANSI C Emulation: 0.4
[   188.411] 	X.Org Video Driver: 24.1
[   188.411] 	X.Org XInput driver : 24.1
[   188.411] 	X.Org Server Extension : 10.0
[   188.414] (++) using VT number 2

[   188.416] (II) systemd-logind: took control of session /org/freedesktop/login1/session/_32
[   188.418] (II) xfree86: Adding drm device (/dev/dri/card0)
[   188.419] (II) systemd-logind: got fd for /dev/dri/card0 226:0 fd 12 paused 0
[   188.433] (--) PCI:*(0@0:2:0) 15ad:0405:15ad:0405 rev 0, Mem @ 0xe0000000/16777216, 0xf0000000/2097152, I/O @ 0x0000d010/16, BIOS @ 0x????????/131072
[   188.441] (II) LoadModule: "glx"
[   188.454] (II) Loading /usr/lib/xorg/modules/extensions/libglx.so
[   188.514] (II) Module glx: vendor="X.Org Foundation"
[   188.514] 	compiled for 1.20.11, module version = 1.0.0
[   188.514] 	ABI class: X.Org Server Extension, version 10.0
[   188.514] (==) Matched vmware as autoconfigured driver 0
[   188.514] (==) Matched modesetting as autoconfigured driver 1
[   188.514] (==) Matched fbdev as autoconfigured driver 2
[   188.514] (==) Matched vesa as autoconfigured driver 3
[   188.514] (==) Assigned the driver to the xf86ConfigLayout
[   188.514] (II) LoadModule: "vmware"
[   188.514] (II) Loading /usr/lib/xorg/modules/drivers/vmware_drv.so
[   189.749] (II) Module vmware: vendor="X.Org Foundation"
[   189.749] 	compiled for 1.20.8, module version = 13.3.0
[   189.749] 	Module class: X.Org Video Driver
[   189.749] 	ABI class: X.Org Video Driver, version 24.1
[   189.749] (II) LoadModule: "modesetting"
[   189.750] (II) Loading /usr/lib/xorg/modules/drivers/modesetting_drv.so
[   189.798] (II) Module modesetting: vendor="X.Org Foundation"
[   189.798] 	compiled for 1.20.11, module version = 1.20.11
[   189.798] 	Module class: X.Org Video Driver
[   189.798] 	ABI class: X.Org Video Driver, version 24.1
[   189.798] (II) LoadModule: "fbdev"
[   189.798] (II) Loading /usr/lib/xorg/modules/drivers/fbdev_drv.so
[   189.813] (II) Module fbdev: vendor="X.Org Foundation"
[   189.813] 	compiled for 1.20.1, module version = 0.5.0
[   189.813] 	Module class: X.Org Video Driver
[   189.813] 	ABI class: X.Org Video Driver, version 24.0
[   189.813] (II) LoadModule: "vesa"
[   189.813] (II) Loading /usr/lib/xorg/modules/drivers/vesa_drv.so
[   189.838] (II) Module vesa: vendor="X.Org Foundation"
[   189.838] 	compiled for 1.20.4, module version = 2.4.0
[   189.838] 	Module class: X.Org Video Driver
[   189.838] 	ABI class: X.Org Video Driver, version 24.0
[   189.838] (II) vmware: driver for VMware SVGA: vmware0405, vmware0710
[   189.839] (II) modesetting: Driver for Modesetting Kernel Drivers: kms
[   189.839] (II) FBDEV: driver for framebuffer: fbdev
[   189.839] (II) VESA: driver for VESA chipsets: vesa
[   189.839] xf86EnableIOPorts: failed to set IOPL for I/O (Operation not permitted)
[   189.839] (WW) Falling back to old probe method for modesetting
[   189.839] (WW) Falling back to old probe method for fbdev
[   189.839] (II) Loading sub module "fbdevhw"
[   189.839] (II) LoadModule: "fbdevhw"
[   189.839] (II) Loading /usr/lib/xorg/modules/libfbdevhw.so
[   189.864] (II) Module fbdevhw: vendor="X.Org Foundation"
[   189.864] 	compiled for 1.20.11, module version = 0.0.2
[   189.864] 	ABI class: X.Org Video Driver, version 24.1
[   189.865] (EE) open /dev/fb0: Permission denied
[   189.865] (WW) VGA arbiter: cannot open kernel arbiter, no multi-card support
[   189.865] (II) vmware(0): Creating default Display subsection in Screen section
	"Default Screen Section" for depth/fbbpp 24/32
[   189.865] (--) vmware(0): DRM driver version is 2.18.1
[   189.865] (==) vmware(0): Depth 24, (--) framebuffer bpp 32
[   189.865] (==) vmware(0): RGB weight 888
[   189.865] (==) vmware(0): Default visual is TrueColor
[   189.865] (--) vmware(0): Min width 1, Max Width 8192.
[   189.865] (--) vmware(0): Min height 1, Max Height 8192.
[   189.865] (II) vmware(0): Output Virtual1 has no monitor section
[   189.865] (II) vmware(0): Output Virtual2 has no monitor section
[   189.865] (II) vmware(0): Output Virtual3 has no monitor section
[   189.865] (II) vmware(0): Output Virtual4 has no monitor section
[   189.865] (II) vmware(0): Output Virtual5 has no monitor section
[   189.865] (II) vmware(0): Output Virtual6 has no monitor section
[   189.865] (II) vmware(0): Output Virtual7 has no monitor section
[   189.865] (II) vmware(0): Output Virtual8 has no monitor section
[   189.865] (II) vmware(0): Printing probed modes for output Virtual1
[   189.865] (II) vmware(0): Modeline "800x600"x60.0   42.75  800 850 900 950  600 650 700 750 -hsync +vsync (45.0 kHz eP)
[   189.865] (II) vmware(0): Modeline "2560x1600"x60.0  348.50  2560 2752 3032 3504  1600 1603 1609 1658 -hsync +vsync (99.5 kHz e)
[   189.865] (II) vmware(0): Modeline "2560x1440"x60.0  241.50  2560 2608 2640 2720  1440 1443 1448 1481 +hsync -vsync (88.8 kHz e)
[   189.865] (II) vmware(0): Modeline "1920x1440"x60.0  234.00  1920 2048 2256 2600  1440 1441 1444 1500 -hsync +vsync (90.0 kHz e)
[   189.865] (II) vmware(0): Modeline "1856x1392"x60.0  218.25  1856 1952 2176 2528  1392 1393 1396 1439 -hsync +vsync (86.3 kHz e)
[   189.865] (II) vmware(0): Modeline "1792x1344"x60.0  204.75  1792 1920 2120 2448  1344 1345 1348 1394 -hsync +vsync (83.6 kHz e)
[   189.865] (II) vmware(0): Modeline "1920x1200"x59.9  193.25  1920 2056 2256 2592  1200 1203 1209 1245 -hsync +vsync (74.6 kHz e)
[   189.865] (II) vmware(0): Modeline "1920x1080"x60.0  173.00  1920 2048 2248 2576  1080 1083 1088 1120 -hsync +vsync (67.2 kHz e)
[   189.865] (II) vmware(0): Modeline "1600x1200"x60.0  162.00  1600 1664 1856 2160  1200 1201 1204 1250 +hsync +vsync (75.0 kHz e)
[   189.865] (II) vmware(0): Modeline "1680x1050"x60.0  146.25  1680 1784 1960 2240  1050 1053 1059 1089 -hsync +vsync (65.3 kHz e)
[   189.865] (II) vmware(0): Modeline "1400x1050"x60.0  121.75  1400 1488 1632 1864  1050 1053 1057 1089 -hsync +vsync (65.3 kHz e)
[   189.865] (II) vmware(0): Modeline "1280x1024"x60.0  108.00  1280 1328 1440 1688  1024 1025 1028 1066 +hsync +vsync (64.0 kHz e)
[   189.865] (II) vmware(0): Modeline "1440x900"x59.9  106.50  1440 1520 1672 1904  900 903 909 934 -hsync +vsync (55.9 kHz e)
[   189.865] (II) vmware(0): Modeline "1280x960"x60.0  108.00  1280 1376 1488 1800  960 961 964 1000 +hsync +vsync (60.0 kHz e)
[   189.865] (II) vmware(0): Modeline "1360x768"x60.0   85.50  1360 1424 1536 1792  768 771 777 795 +hsync +vsync (47.7 kHz e)
[   189.865] (II) vmware(0): Modeline "1280x800"x59.8   83.50  1280 1352 1480 1680  800 803 809 831 +hsync -vsync (49.7 kHz e)
[   189.865] (II) vmware(0): Modeline "1152x864"x75.0  108.00  1152 1216 1344 1600  864 865 868 900 +hsync +vsync (67.5 kHz e)
[   189.865] (II) vmware(0): Modeline "1280x768"x59.9   79.50  1280 1344 1472 1664  768 771 778 798 -hsync +vsync (47.8 kHz e)
[   189.865] (II) vmware(0): Modeline "1280x720"x59.9   74.50  1280 1344 1472 1664  720 723 728 748 -hsync +vsync (44.8 kHz e)
[   189.865] (II) vmware(0): Modeline "1024x768"x60.0   65.00  1024 1048 1184 1344  768 771 777 806 -hsync -vsync (48.4 kHz e)
[   189.865] (II) vmware(0): Modeline "800x600"x60.3   40.00  800 840 968 1056  600 601 605 628 +hsync +vsync (37.9 kHz e)
[   189.865] (II) vmware(0): Modeline "640x480"x59.9   25.18  640 656 752 800  480 489 492 525 -hsync -vsync (31.5 kHz e)
[   189.865] (II) vmware(0): EDID for output Virtual2
[   189.865] (II) vmware(0): EDID for output Virtual3
[   189.865] (II) vmware(0): EDID for output Virtual4
[   189.865] (II) vmware(0): EDID for output Virtual5
[   189.865] (II) vmware(0): EDID for output Virtual6
[   189.865] (II) vmware(0): EDID for output Virtual7
[   189.866] (II) vmware(0): EDID for output Virtual8
[   189.866] (II) vmware(0): Output Virtual1 connected
[   189.866] (II) vmware(0): Output Virtual2 disconnected
[   189.866] (II) vmware(0): Output Virtual3 disconnected
[   189.866] (II) vmware(0): Output Virtual4 disconnected
[   189.866] (II) vmware(0): Output Virtual5 disconnected
[   189.866] (II) vmware(0): Output Virtual6 disconnected
[   189.866] (II) vmware(0): Output Virtual7 disconnected
[   189.866] (II) vmware(0): Output Virtual8 disconnected
[   189.869] (II) vmware(0): Using exact sizes for initial modes
[   189.869] (II) vmware(0): Output Virtual1 using initial mode 800x600 +0+0
[   189.869] (==) vmware(0): DPI set to (96, 96)
[   189.869] (==) vmware(0): Using gamma correction (1.0, 1.0, 1.0)
[   189.869] (II) Loading sub module "fb"
[   189.869] (II) LoadModule: "fb"
[   189.869] (II) Loading /usr/lib/xorg/modules/libfb.so
[   190.074] (II) Module fb: vendor="X.Org Foundation"
[   190.074] 	compiled for 1.20.11, module version = 1.0.0
[   190.074] 	ABI class: X.Org ANSI C Emulation, version 0.4
[   190.074] (II) Loading sub module "dri2"
[   190.074] (II) LoadModule: "dri2"
[   190.074] (II) Module "dri2" already built-in
[   190.074] (II) Loading sub module "dri3"
[   190.074] (II) LoadModule: "dri3"
[   190.074] (II) Module "dri3" already built-in
[   190.074] (II) UnloadModule: "modesetting"
[   190.074] (II) Unloading modesetting
[   190.074] (II) UnloadModule: "fbdev"
[   190.074] (II) Unloading fbdev
[   190.074] (II) UnloadSubModule: "fbdevhw"
[   190.074] (II) Unloading fbdevhw
[   190.074] (II) UnloadModule: "vesa"
[   190.074] (II) Unloading vesa
[   190.316] (II) vmware(0): Initialized VMWARE_CTRL extension version 0.2
[   190.441] (WW) vmware(0): Failed to initialize Gallium3D Xa. No render acceleration available.
[   190.441] (WW) vmware(0): Skipped initialization of direct rendering due to lack of render acceleration.
[   190.441] (--) vmware(0): Render acceleration is disabled.
[   190.441] (==) vmware(0): Rendercheck mode is disabled.
[   190.441] (--) vmware(0): Direct rendering (DRI2 3D) is disabled.
[   190.441] (--) vmware(0): Direct rendering (DRI3 3D) is disabled.
[   190.441] (==) vmware(0): Backing store enabled
[   190.441] (==) vmware(0): Silken mouse enabled
[   190.569] (==) vmware(0): DPMS enabled
[   190.570] (II) vmware(0): No 3D acceleration. Not setting up textured video.
[   190.570] (WW) vmware(0): Disabling Xv because no adaptors could be initialized.
[   190.570] (II) Initializing extension Generic Event Extension
[   190.570] (II) Initializing extension SHAPE
[   190.570] (II) Initializing extension MIT-SHM
[   190.570] (II) Initializing extension XInputExtension
[   190.658] (II) Initializing extension XTEST
[   190.658] (II) Initializing extension BIG-REQUESTS
[   190.659] (II) Initializing extension SYNC
[   190.659] (II) Initializing extension XKEYBOARD
[   190.659] (II) Initializing extension XC-MISC
[   190.659] (II) Initializing extension SECURITY
[   190.659] (II) Initializing extension XFIXES
[   190.660] (II) Initializing extension RENDER
[   190.660] (II) Initializing extension RANDR
[   190.660] (II) Initializing extension COMPOSITE
[   190.660] (II) Initializing extension DAMAGE
[   190.661] (II) Initializing extension MIT-SCREEN-SAVER
[   190.661] (II) Initializing extension DOUBLE-BUFFER
[   190.661] (II) Initializing extension RECORD
[   190.666] (II) Initializing extension DPMS
[   190.666] (II) Initializing extension Present
[   190.666] (II) Initializing extension DRI3
[   190.666] (II) Initializing extension X-Resource
[   190.667] (II) Initializing extension XVideo
[   190.667] (II) Initializing extension XVideo-MotionCompensation
[   190.667] (II) Initializing extension SELinux
[   190.667] (II) SELinux: Disabled on system
[   190.667] (II) Initializing extension GLX
[   190.719] (II) AIGLX: Screen 0 is not DRI2 capable
[   190.798] (II) IGLX: Loaded and initialized swrast
[   190.798] (II) GLX: Initialized DRISWRAST GL provider for screen 0
[   190.798] (II) Initializing extension XFree86-VidModeExtension
[   190.798] (II) Initializing extension XFree86-DGA
[   190.799] (II) Initializing extension XFree86-DRI
[   190.799] (II) Initializing extension DRI2
[   190.806] (II) vmware(0): Setting screen physical size to 211 x 158
[   190.929] (II) config/udev: Adding input device Power Button (/dev/input/event0)
[   190.929] (**) Power Button: Applying InputClass "libinput keyboard catchall"
[   190.929] (II) LoadModule: "libinput"
[   190.929] (II) Loading /usr/lib/xorg/modules/input/libinput_drv.so
[   191.086] (II) Module libinput: vendor="X.Org Foundation"
[   191.086] 	compiled for 1.20.4, module version = 0.29.0
[   191.086] 	Module class: X.Org XInput Driver
[   191.086] 	ABI class: X.Org XInput driver, version 24.1
[   191.086] (II) Using input driver 'libinput' for 'Power Button'
[   191.091] (II) systemd-logind: got fd for /dev/input/event0 13:64 fd 20 paused 0
[   191.091] (**) Power Button: always reports core events
[   191.091] (**) Option "Device" "/dev/input/event0"
[   191.091] (**) Option "_source" "server/udev"
[   191.106] (II) event0  - Power Button: is tagged by udev as: Keyboard
[   191.106] (II) event0  - Power Button: device is a keyboard
[   191.106] (II) event0  - Power Button: device removed
[   191.106] (**) Option "config_info" "udev:/sys/devices/LNXSYSTM:00/LNXPWRBN:00/input/input0/event0"
[   191.107] (II) XINPUT: Adding extended input device "Power Button" (type: KEYBOARD, id 6)
[   191.107] (**) Option "xkb_model" "pc105"
[   191.108] (**) Option "xkb_layout" "us"
[   191.113] (II) event0  - Power Button: is tagged by udev as: Keyboard
[   191.114] (II) event0  - Power Button: device is a keyboard
[   191.118] (II) config/udev: Adding input device Sleep Button (/dev/input/event1)
[   191.119] (**) Sleep Button: Applying InputClass "libinput keyboard catchall"
[   191.119] (II) Using input driver 'libinput' for 'Sleep Button'
[   191.129] (II) systemd-logind: got fd for /dev/input/event1 13:65 fd 23 paused 0
[   191.129] (**) Sleep Button: always reports core events
[   191.129] (**) Option "Device" "/dev/input/event1"
[   191.129] (**) Option "_source" "server/udev"
[   191.130] (II) event1  - Sleep Button: is tagged by udev as: Keyboard
[   191.130] (II) event1  - Sleep Button: device is a keyboard
[   191.130] (II) event1  - Sleep Button: device removed
[   191.130] (**) Option "config_info" "udev:/sys/devices/LNXSYSTM:00/LNXSLPBN:00/input/input1/event1"
[   191.130] (II) XINPUT: Adding extended input device "Sleep Button" (type: KEYBOARD, id 7)
[   191.130] (**) Option "xkb_model" "pc105"
[   191.130] (**) Option "xkb_layout" "us"
[   191.132] (II) event1  - Sleep Button: is tagged by udev as: Keyboard
[   191.132] (II) event1  - Sleep Button: device is a keyboard
[   191.132] (II) config/udev: Adding input device Video Bus (/dev/input/event3)
[   191.132] (**) Video Bus: Applying InputClass "libinput keyboard catchall"
[   191.132] (II) Using input driver 'libinput' for 'Video Bus'
[   191.138] (II) systemd-logind: got fd for /dev/input/event3 13:67 fd 24 paused 0
[   191.138] (**) Video Bus: always reports core events
[   191.138] (**) Option "Device" "/dev/input/event3"
[   191.138] (**) Option "_source" "server/udev"
[   191.143] (II) event3  - Video Bus: is tagged by udev as: Keyboard
[   191.143] (II) event3  - Video Bus: device is a keyboard
[   191.143] (II) event3  - Video Bus: device removed
[   191.143] (**) Option "config_info" "udev:/sys/devices/LNXSYSTM:00/LNXSYBUS:00/PNP0A03:00/LNXVIDEO:00/input/input5/event3"
[   191.143] (II) XINPUT: Adding extended input device "Video Bus" (type: KEYBOARD, id 8)
[   191.143] (**) Option "xkb_model" "pc105"
[   191.144] (**) Option "xkb_layout" "us"
[   191.150] (II) event3  - Video Bus: is tagged by udev as: Keyboard
[   191.150] (II) event3  - Video Bus: device is a keyboard
[   191.153] (II) config/udev: Adding input device VirtualBox mouse integration (/dev/input/event6)
[   191.153] (**) VirtualBox mouse integration: Applying InputClass "libinput pointer catchall"
[   191.153] (II) Using input driver 'libinput' for 'VirtualBox mouse integration'
[   191.156] (II) systemd-logind: got fd for /dev/input/event6 13:70 fd 25 paused 0
[   191.156] (**) VirtualBox mouse integration: always reports core events
[   191.156] (**) Option "Device" "/dev/input/event6"
[   191.157] (**) Option "_source" "server/udev"
[   191.161] (II) event6  - VirtualBox mouse integration: is tagged by udev as: Mouse
[   191.162] (II) event6  - VirtualBox mouse integration: device is a pointer
[   191.163] (II) event6  - VirtualBox mouse integration: device removed
[   191.163] (**) Option "config_info" "udev:/sys/devices/pci0000:00/0000:00:04.0/input/input7/event6"
[   191.164] (II) XINPUT: Adding extended input device "VirtualBox mouse integration" (type: MOUSE, id 9)
[   191.164] (**) Option "AccelerationScheme" "none"
[   191.166] (**) VirtualBox mouse integration: (accel) selected scheme none/0
[   191.166] (**) VirtualBox mouse integration: (accel) acceleration factor: 2.000
[   191.166] (**) VirtualBox mouse integration: (accel) acceleration threshold: 4
[   191.169] (II) event6  - VirtualBox mouse integration: is tagged by udev as: Mouse
[   191.171] (II) event6  - VirtualBox mouse integration: device is a pointer
[   191.173] (II) config/udev: Adding input device VirtualBox mouse integration (/dev/input/js1)
[   191.173] (II) No input driver specified, ignoring this device.
[   191.173] (II) This device may have been added with another device file.
[   191.177] (II) config/udev: Adding input device VirtualBox USB Tablet (/dev/input/event5)
[   191.178] (**) VirtualBox USB Tablet: Applying InputClass "libinput pointer catchall"
[   191.178] (II) Using input driver 'libinput' for 'VirtualBox USB Tablet'
[   191.239] (II) systemd-logind: got fd for /dev/input/event5 13:69 fd 26 paused 0
[   191.239] (**) VirtualBox USB Tablet: always reports core events
[   191.239] (**) Option "Device" "/dev/input/event5"
[   191.239] (**) Option "_source" "server/udev"
[   191.241] (II) event5  - VirtualBox USB Tablet: is tagged by udev as: Mouse
[   191.241] (II) event5  - VirtualBox USB Tablet: device is a pointer
[   191.241] (II) event5  - VirtualBox USB Tablet: device removed
[   191.241] (**) Option "config_info" "udev:/sys/devices/pci0000:00/0000:00:06.0/usb1/1-1/1-1:1.0/0003:80EE:0021.0001/input/input6/event5"
[   191.241] (II) XINPUT: Adding extended input device "VirtualBox USB Tablet" (type: MOUSE, id 10)
[   191.242] (**) Option "AccelerationScheme" "none"
[   191.242] (**) VirtualBox USB Tablet: (accel) selected scheme none/0
[   191.243] (**) VirtualBox USB Tablet: (accel) acceleration factor: 2.000
[   191.243] (**) VirtualBox USB Tablet: (accel) acceleration threshold: 4
[   191.258] (II) event5  - VirtualBox USB Tablet: is tagged by udev as: Mouse
[   191.258] (II) event5  - VirtualBox USB Tablet: device is a pointer
[   191.261] (II) config/udev: Adding input device VirtualBox USB Tablet (/dev/input/js0)
[   191.262] (II) No input driver specified, ignoring this device.
[   191.262] (II) This device may have been added with another device file.
[   191.266] (II) config/udev: Adding input device VirtualBox USB Tablet (/dev/input/mouse1)
[   191.267] (II) No input driver specified, ignoring this device.
[   191.267] (II) This device may have been added with another device file.
[   191.268] (II) config/udev: Adding input device AT Translated Set 2 keyboard (/dev/input/event2)
[   191.268] (**) AT Translated Set 2 keyboard: Applying InputClass "libinput keyboard catchall"
[   191.268] (II) Using input driver 'libinput' for 'AT Translated Set 2 keyboard'
[   191.271] (II) systemd-logind: got fd for /dev/input/event2 13:66 fd 27 paused 0
[   191.271] (**) AT Translated Set 2 keyboard: always reports core events
[   191.271] (**) Option "Device" "/dev/input/event2"
[   191.271] (**) Option "_source" "server/udev"
[   191.276] (II) event2  - AT Translated Set 2 keyboard: is tagged by udev as: Keyboard
[   191.277] (II) event2  - AT Translated Set 2 keyboard: device is a keyboard
[   191.277] (II) event2  - AT Translated Set 2 keyboard: device removed
[   191.278] (**) Option "config_info" "udev:/sys/devices/platform/i8042/serio0/input/input2/event2"
[   191.279] (II) XINPUT: Adding extended input device "AT Translated Set 2 keyboard" (type: KEYBOARD, id 11)
[   191.279] (**) Option "xkb_model" "pc105"
[   191.279] (**) Option "xkb_layout" "us"
[   191.285] (II) event2  - AT Translated Set 2 keyboard: is tagged by udev as: Keyboard
[   191.285] (II) event2  - AT Translated Set 2 keyboard: device is a keyboard
[   191.292] (II) config/udev: Adding input device ImExPS/2 Generic Explorer Mouse (/dev/input/event4)
[   191.292] (**) ImExPS/2 Generic Explorer Mouse: Applying InputClass "libinput pointer catchall"
[   191.292] (II) Using input driver 'libinput' for 'ImExPS/2 Generic Explorer Mouse'
[   191.294] (II) systemd-logind: got fd for /dev/input/event4 13:68 fd 28 paused 0
[   191.294] (**) ImExPS/2 Generic Explorer Mouse: always reports core events
[   191.294] (**) Option "Device" "/dev/input/event4"
[   191.294] (**) Option "_source" "server/udev"
[   191.299] (II) event4  - ImExPS/2 Generic Explorer Mouse: is tagged by udev as: Mouse
[   191.301] (II) event4  - ImExPS/2 Generic Explorer Mouse: device is a pointer
[   191.301] (II) event4  - ImExPS/2 Generic Explorer Mouse: device removed
[   191.302] (**) Option "config_info" "udev:/sys/devices/platform/i8042/serio1/input/input4/event4"
[   191.302] (II) XINPUT: Adding extended input device "ImExPS/2 Generic Explorer Mouse" (type: MOUSE, id 12)
[   191.304] (**) Option "AccelerationScheme" "none"
[   191.305] (**) ImExPS/2 Generic Explorer Mouse: (accel) selected scheme none/0
[   191.305] (**) ImExPS/2 Generic Explorer Mouse: (accel) acceleration factor: 2.000
[   191.305] (**) ImExPS/2 Generic Explorer Mouse: (accel) acceleration threshold: 4
[   191.313] (II) event4  - ImExPS/2 Generic Explorer Mouse: is tagged by udev as: Mouse
[   191.313] (II) event4  - ImExPS/2 Generic Explorer Mouse: device is a pointer
[   191.317] (II) config/udev: Adding input device ImExPS/2 Generic Explorer Mouse (/dev/input/mouse0)
[   191.317] (II) No input driver specified, ignoring this device.
[   191.317] (II) This device may have been added with another device file.
[   629.399] (EE) No surface to present from.
[   629.485] (EE) No surface to present from.
[   632.621] (EE) No surface to present from.
